1x
Tile 800
Testing 0 0PXGR6AQF2
	Tile 1/6
	Tile 2/6
	Tile 3/6
	Tile 4/6
	Tile 5/6
	Tile 6/6
adobe_experiment/aiml/0PXGR6AQF2.jpg
1x
Tile 800
Testing 0 MF6V8NZ7PW
	Tile 1/6
	Tile 2/6
	Tile 3/6
	Tile 4/6
	Tile 5/6
	Tile 6/6
adobe_experiment/aiml/MF6V8NZ7PW.jpg
1x
Tile 800
Testing 0 MQYHB3WPOM
	Tile 1/9
	Tile 2/9
	Tile 3/9
	Tile 4/9
	Tile 5/9
	Tile 6/9
	Tile 7/9
	Tile 8/9
	Tile 9/9
adobe_experiment/aiml/MQYHB3WPOM.jpg
1x
Tile 800
Testing 0 ZP6TWXMTGG
	Tile 1/9
	Tile 2/9
	Tile 3/9
	Tile 4/9
	Tile 5/9
	Tile 6/9
	Tile 7/9
	Tile 8/9
	Tile 9/9
adobe_experiment/aiml/ZP6TWXMTGG.jpg
1x
Tile 800
Testing 0 QA1D3OQJBL
	Tile 1/9
	Tile 2/9
	Tile 3/9
	Tile 4/9
	Tile 5/9
	Tile 6/9
	Tile 7/9
	Tile 8/9
	Tile 9/9
adobe_experiment/aiml/QA1D3OQJBL.jpg
1x
Tile 800
Testing 0 ZRZVPL7UB4
	Tile 1/9
	Tile 2/9
	Tile 3/9
	Tile 4/9
	Tile 5/9
	Tile 6/9
	Tile 7/9
	Tile 8/9
	Tile 9/9
adobe_experiment/aiml/ZRZVPL7UB4.jpg
1x
Tile 800
Testing 0 4T3UWYA2JM
	Tile 1/9
	Tile 2/9
	Tile 3/9
	Tile 4/9
	Tile 5/9
	Tile 6/9
	Tile 7/9
	Tile 8/9
	Tile 9/9
adobe_experiment/aiml/4T3UWYA2JM.jpg
1x
Tile 800
Testing 0 19F28FQ0QP
	Tile 1/9
	Tile 2/9
	Tile 3/9
	Tile 4/9
	Tile 5/9
	Tile 6/9
	Tile 7/9
	Tile 8/9
	Tile 9/9
adobe_experiment/aiml/19F28FQ0QP.jpg
1x
Tile 800
Testing 0 VCL95AV4LD
	Tile 1/9
	Tile 2/9
	Tile 3/9
	Tile 4/9
	Tile 5/9
	Tile 6/9
	Tile 7/9
	Tile 8/9
	Tile 9/9
adobe_experiment/aiml/VCL95AV4LD.jpg
1x
Tile 800
Testing 0 CFD6Y0DIMA
	Tile 1/9
	Tile 2/9
	Tile 3/9
	Tile 4/9
	Tile 5/9
	Tile 6/9
	Tile 7/9
	Tile 8/9
	Tile 9/9
adobe_experiment/aiml/CFD6Y0DIMA.jpg
1x
Tile 800
Testing 0 TTF0OBZI25
	Tile 1/9
	Tile 2/9
	Tile 3/9
	Tile 4/9
	Tile 5/9
	Tile 6/9
	Tile 7/9
	Tile 8/9
	Tile 9/9
adobe_experiment/aiml/TTF0OBZI25.jpg
1x
Tile 800
Testing 0 L7CLKZU9E0
	Tile 1/9
	Tile 2/9
	Tile 3/9
	Tile 4/9
	Tile 5/9
	Tile 6/9
	Tile 7/9
	Tile 8/9
	Tile 9/9
adobe_experiment/aiml/L7CLKZU9E0.jpg
1x
Tile 800
Testing 0 TGJ176SZ44
	Tile 1/9
	Tile 2/9
	Tile 3/9
	Tile 4/9
	Tile 5/9
	Tile 6/9
	Tile 7/9
	Tile 8/9
	Tile 9/9
adobe_experiment/aiml/TGJ176SZ44.jpg
1x
Tile 800
Testing 0 6VMCWYLO5J
	Tile 1/9
	Tile 2/9
	Tile 3/9
	Tile 4/9
	Tile 5/9
	Tile 6/9
	Tile 7/9
	Tile 8/9
	Tile 9/9
adobe_experiment/aiml/6VMCWYLO5J.jpg
1x
Tile 800
Testing 0 NU8SDU3LPS
	Tile 1/6
	Tile 2/6
	Tile 3/6
	Tile 4/6
	Tile 5/6
	Tile 6/6
adobe_experiment/aiml/NU8SDU3LPS.jpg
1x
Tile 800
Testing 0 KDM694RFTG
	Tile 1/6
	Tile 2/6
	Tile 3/6
	Tile 4/6
	Tile 5/6
	Tile 6/6
adobe_experiment/aiml/KDM694RFTG.jpg
1x
Tile 800
Testing 0 YUZYA9V7IC
	Tile 1/4
	Tile 2/4
	Tile 3/4
	Tile 4/4
adobe_experiment/aiml/YUZYA9V7IC.jpg
1x
Tile 800
Testing 0 Q3U0B5U5WX
	Tile 1/6
	Tile 2/6
	Tile 3/6
	Tile 4/6
	Tile 5/6
	Tile 6/6
adobe_experiment/aiml/Q3U0B5U5WX.jpg
1x
Tile 800
Testing 0 MM626KA7QL
	Tile 1/6
	Tile 2/6
	Tile 3/6
	Tile 4/6
	Tile 5/6
	Tile 6/6
adobe_experiment/aiml/MM626KA7QL.jpg
1x
Tile 800
Testing 0 1MHV2G855D
	Tile 1/6
	Tile 2/6
	Tile 3/6
	Tile 4/6
	Tile 5/6
	Tile 6/6
adobe_experiment/aiml/1MHV2G855D.jpg
1x
Tile 800
Testing 0 BOD6NB1THI
	Tile 1/6
	Tile 2/6
	Tile 3/6
	Tile 4/6
	Tile 5/6
	Tile 6/6
adobe_experiment/aiml/BOD6NB1THI.jpg
1x
Tile 800
Testing 0 R6DN75RSWD
	Tile 1/6
	Tile 2/6
	Tile 3/6
	Tile 4/6
	Tile 5/6
	Tile 6/6
adobe_experiment/aiml/R6DN75RSWD.jpg
1x
Tile 800
Testing 0 0ZFLIHB95F
	Tile 1/6
	Tile 2/6
	Tile 3/6
	Tile 4/6
	Tile 5/6
	Tile 6/6
adobe_experiment/aiml/0ZFLIHB95F.jpg
1x
Tile 800
Testing 0 C4YU4TKXHH
	Tile 1/6
	Tile 2/6
	Tile 3/6
	Tile 4/6
	Tile 5/6
	Tile 6/6
adobe_experiment/aiml/C4YU4TKXHH.jpg
1x
Tile 800
Testing 0 C3YW1APRLK
	Tile 1/6
	Tile 2/6
	Tile 3/6
	Tile 4/6
	Tile 5/6
	Tile 6/6
adobe_experiment/aiml/C3YW1APRLK.jpg
1x
Tile 800
Testing 0 VKL8TXU23U
	Tile 1/6
	Tile 2/6
	Tile 3/6
	Tile 4/6
	Tile 5/6
	Tile 6/6
adobe_experiment/aiml/VKL8TXU23U.jpg
1x
Tile 800
Testing 0 P8DEDMIYPG
	Tile 1/2
	Tile 2/2
adobe_experiment/aiml/P8DEDMIYPG.jpg
1x
Tile 800
Testing 0 5HQJ7GWMN0
	Tile 1/4
	Tile 2/4
	Tile 3/4
	Tile 4/4
adobe_experiment/aiml/5HQJ7GWMN0.jpg
1x
Tile 800
Testing 0 UBTDV3XVTU
	Tile 1/2
	Tile 2/2
adobe_experiment/aiml/UBTDV3XVTU.jpg
1x
Tile 800
Testing 0 EZBSE039KK
	Tile 1/6
	Tile 2/6
	Tile 3/6
	Tile 4/6
	Tile 5/6
	Tile 6/6
adobe_experiment/aiml/EZBSE039KK.jpg
1x
Tile 800
Testing 0 RWDSA0W2FK
	Tile 1/4
	Tile 2/4
	Tile 3/4
	Tile 4/4
adobe_experiment/aiml/RWDSA0W2FK.jpg
1x
Tile 800
Testing 0 MYD8T7Z907
	Tile 1/4
	Tile 2/4
	Tile 3/4
	Tile 4/4
adobe_experiment/aiml/MYD8T7Z907.jpg
1x
Tile 800
Testing 0 TNM681CKF0
	Tile 1/4
	Tile 2/4
	Tile 3/4
	Tile 4/4
adobe_experiment/aiml/TNM681CKF0.jpg
1x
Tile 800
Testing 0 8YI2HRFNBS
	Tile 1/4
	Tile 2/4
	Tile 3/4
	Tile 4/4
adobe_experiment/aiml/8YI2HRFNBS.jpg
1x
Tile 800
Testing 0 2O026XQRIY
	Tile 1/4
	Tile 2/4
	Tile 3/4
	Tile 4/4
adobe_experiment/aiml/2O026XQRIY.jpg
1x
Tile 800
Testing 0 QNCTL156VK
	Tile 1/1
adobe_experiment/aiml/QNCTL156VK.jpg
1x
Tile 800
Testing 0 9G4B0S2H6F
	Tile 1/4
	Tile 2/4
	Tile 3/4
	Tile 4/4
adobe_experiment/aiml/9G4B0S2H6F.jpg
1x
Tile 800
Testing 0 XGXMPAR3GY
	Tile 1/4
	Tile 2/4
	Tile 3/4
	Tile 4/4
adobe_experiment/aiml/XGXMPAR3GY.jpg
1x
Tile 800
Testing 0 78GE38IKF4
	Tile 1/6
	Tile 2/6
	Tile 3/6
	Tile 4/6
	Tile 5/6
	Tile 6/6
adobe_experiment/aiml/78GE38IKF4.jpg
1x
Tile 800
Testing 0 4X4TRFA7OS
	Tile 1/6
	Tile 2/6
	Tile 3/6
	Tile 4/6
	Tile 5/6
	Tile 6/6
adobe_experiment/aiml/4X4TRFA7OS.jpg
1x
Tile 800
Testing 0 ESNXZI7QPJ
	Tile 1/9
	Tile 2/9
	Tile 3/9
	Tile 4/9
	Tile 5/9
	Tile 6/9
	Tile 7/9
	Tile 8/9
	Tile 9/9
adobe_experiment/aiml/ESNXZI7QPJ.jpg
1x
Tile 800
Testing 0 8VV91SBUMU
	Tile 1/6
	Tile 2/6
	Tile 3/6
	Tile 4/6
	Tile 5/6
	Tile 6/6
adobe_experiment/aiml/8VV91SBUMU.jpg
1x
Tile 800
Testing 0 EMQJ5RZZHH
	Tile 1/6
	Tile 2/6
	Tile 3/6
	Tile 4/6
	Tile 5/6
	Tile 6/6
adobe_experiment/aiml/EMQJ5RZZHH.jpg
1x
Tile 800
Testing 0 APCUEJM7E9
	Tile 1/6
	Tile 2/6
	Tile 3/6
	Tile 4/6
	Tile 5/6
	Tile 6/6
adobe_experiment/aiml/APCUEJM7E9.jpg
1x
Tile 800
Testing 0 FU51LE2WRD
	Tile 1/9
	Tile 2/9
	Tile 3/9
	Tile 4/9
	Tile 5/9
	Tile 6/9
	Tile 7/9
	Tile 8/9
	Tile 9/9
adobe_experiment/aiml/FU51LE2WRD.jpg
1x
Tile 800
Testing 0 Q0EAJK240X
	Tile 1/6
	Tile 2/6
	Tile 3/6
	Tile 4/6
	Tile 5/6
	Tile 6/6
adobe_experiment/aiml/Q0EAJK240X.jpg
1x
Tile 800
Testing 0 WX15EV52PV
	Tile 1/9
	Tile 2/9
	Tile 3/9
	Tile 4/9
	Tile 5/9
	Tile 6/9
	Tile 7/9
	Tile 8/9
	Tile 9/9
adobe_experiment/aiml/WX15EV52PV.jpg
1x
Tile 800
Testing 0 JP1HVMERP0
	Tile 1/6
	Tile 2/6
	Tile 3/6
	Tile 4/6
	Tile 5/6
	Tile 6/6
adobe_experiment/aiml/JP1HVMERP0.jpg
1x
Tile 800
Testing 0 H0PMER4DU3
	Tile 1/6
	Tile 2/6
	Tile 3/6
	Tile 4/6
	Tile 5/6
	Tile 6/6
adobe_experiment/aiml/H0PMER4DU3.jpg
1x
Tile 800
Testing 0 M1H1K3HCJE
	Tile 1/6
	Tile 2/6
	Tile 3/6
	Tile 4/6
	Tile 5/6
	Tile 6/6
adobe_experiment/aiml/M1H1K3HCJE.jpg
2x
Tile 800
Testing 0 3YT28WEDWN
	Tile 1/6
	Tile 2/6
	Tile 3/6
	Tile 4/6
	Tile 5/6
	Tile 6/6
adobe_experiment/aiml/3YT28WEDWN.jpg
2x
Tile 800
Testing 0 1YUVXWUIDW
	Tile 1/1
adobe_experiment/aiml/1YUVXWUIDW.jpg
2x
Tile 800
Testing 0 1U3BS3J6PQ
	Tile 1/2
	Tile 2/2
adobe_experiment/aiml/1U3BS3J6PQ.jpg
2x
Tile 800
Testing 0 ET9NQ0LW25
	Tile 1/1
adobe_experiment/aiml/ET9NQ0LW25.jpg
2x
Tile 800
Testing 0 IC5X21VZBB
	Tile 1/4
	Tile 2/4
	Tile 3/4
	Tile 4/4
adobe_experiment/aiml/IC5X21VZBB.jpg
2x
Tile 800
Testing 0 JYTDEU6SMA
	Tile 1/4
	Tile 2/4
	Tile 3/4
	Tile 4/4
adobe_experiment/aiml/JYTDEU6SMA.jpg
2x
Tile 800
Testing 0 CWMWXYWPF6
	Tile 1/2
	Tile 2/2
adobe_experiment/aiml/CWMWXYWPF6.jpg
2x
Tile 800
Testing 0 U39DR53WPS
	Tile 1/2
	Tile 2/2
adobe_experiment/aiml/U39DR53WPS.jpg
2x
Tile 800
Testing 0 NQ9NM5EKQB
	Tile 1/2
	Tile 2/2
adobe_experiment/aiml/NQ9NM5EKQB.jpg
2x
Tile 800
Testing 0 CKISPUL723
	Tile 1/4
	Tile 2/4
	Tile 3/4
	Tile 4/4
adobe_experiment/aiml/CKISPUL723.jpg
2x
Tile 800
Testing 0 STCUQIZW4R
	Tile 1/2
	Tile 2/2
adobe_experiment/aiml/STCUQIZW4R.jpg
2x
Tile 800
Testing 0 7ZZBE5NHCN
	Tile 1/2
	Tile 2/2
adobe_experiment/aiml/7ZZBE5NHCN.jpg
2x
Tile 800
Testing 0 QIUMGQ4WJE
	Tile 1/2
	Tile 2/2
adobe_experiment/aiml/QIUMGQ4WJE.jpg
2x
Tile 800
Testing 0 00FOKPINY4
	Tile 1/4
	Tile 2/4
	Tile 3/4
	Tile 4/4
adobe_experiment/aiml/00FOKPINY4.jpg
2x
Tile 800
Testing 0 SU6IAJUCM9
	Tile 1/4
	Tile 2/4
	Tile 3/4
	Tile 4/4
adobe_experiment/aiml/SU6IAJUCM9.jpg
2x
Tile 800
Testing 0 IP0D8SD1RU
	Tile 1/2
	Tile 2/2
adobe_experiment/aiml/IP0D8SD1RU.jpg
2x
Tile 800
Testing 0 0CCS8KFUR9
	Tile 1/4
	Tile 2/4
	Tile 3/4
	Tile 4/4
adobe_experiment/aiml/0CCS8KFUR9.jpg
2x
Tile 800
Testing 0 6Y7KWSXLGF
	Tile 1/4
	Tile 2/4
	Tile 3/4
	Tile 4/4
adobe_experiment/aiml/6Y7KWSXLGF.jpg
2x
Tile 800
Testing 0 F7CFP80I6J
	Tile 1/4
	Tile 2/4
	Tile 3/4
	Tile 4/4
adobe_experiment/aiml/F7CFP80I6J.jpg
2x
Tile 800
Testing 0 OQ3G0HK2U3
	Tile 1/4
	Tile 2/4
	Tile 3/4
	Tile 4/4
adobe_experiment/aiml/OQ3G0HK2U3.jpg
2x
Tile 800
Testing 0 V1I1XCTJT2
	Tile 1/2
	Tile 2/2
adobe_experiment/aiml/V1I1XCTJT2.jpg
2x
Tile 800
Testing 0 T0GFPPTDGL
	Tile 1/2
	Tile 2/2
adobe_experiment/aiml/T0GFPPTDGL.jpg
2x
Tile 800
Testing 0 PK39H054GN
	Tile 1/4
	Tile 2/4
	Tile 3/4
	Tile 4/4
adobe_experiment/aiml/PK39H054GN.jpg
2x
Tile 800
Testing 0 1BTGXI7D1T
	Tile 1/4
	Tile 2/4
	Tile 3/4
	Tile 4/4
adobe_experiment/aiml/1BTGXI7D1T.jpg
2x
Tile 800
Testing 0 81PF50JKWK
	Tile 1/4
	Tile 2/4
	Tile 3/4
	Tile 4/4
adobe_experiment/aiml/81PF50JKWK.jpg
2x
Tile 800
Testing 0 1CUX3PMHKW
	Tile 1/4
	Tile 2/4
	Tile 3/4
	Tile 4/4
adobe_experiment/aiml/1CUX3PMHKW.jpg
2x
Tile 800
Testing 0 C6VWEWMK0L
	Tile 1/4
	Tile 2/4
	Tile 3/4
	Tile 4/4
adobe_experiment/aiml/C6VWEWMK0L.jpg
2x
Tile 800
Testing 0 HR0I9HXCDS
	Tile 1/2
	Tile 2/2
adobe_experiment/aiml/HR0I9HXCDS.jpg
2x
Tile 800
Testing 0 6Q4AVPB51A
	Tile 1/4
	Tile 2/4
	Tile 3/4
	Tile 4/4
adobe_experiment/aiml/6Q4AVPB51A.jpg
2x
Tile 800
Testing 0 KYH4ID4741
	Tile 1/2
	Tile 2/2
adobe_experiment/aiml/KYH4ID4741.jpg
2x
Tile 800
Testing 0 JBYKWXBTOY
	Tile 1/2
	Tile 2/2
adobe_experiment/aiml/JBYKWXBTOY.jpg
2x
Tile 800
Testing 0 2AX7LZATUP
	Tile 1/2
	Tile 2/2
adobe_experiment/aiml/2AX7LZATUP.jpg
2x
Tile 800
Testing 0 03YOEXXKZT
	Tile 1/2
	Tile 2/2
adobe_experiment/aiml/03YOEXXKZT.jpg
2x
Tile 800
Testing 0 M2LMR4PJ1T
	Tile 1/4
	Tile 2/4
	Tile 3/4
	Tile 4/4
adobe_experiment/aiml/M2LMR4PJ1T.jpg
2x
Tile 800
Testing 0 XLUPY1RHRI
	Tile 1/4
	Tile 2/4
	Tile 3/4
	Tile 4/4
adobe_experiment/aiml/XLUPY1RHRI.jpg
2x
Tile 800
Testing 0 NU4U18BRZ3
	Tile 1/4
	Tile 2/4
	Tile 3/4
	Tile 4/4
adobe_experiment/aiml/NU4U18BRZ3.jpg
2x
Tile 800
Testing 0 UGT2QE1N9S
	Tile 1/4
	Tile 2/4
	Tile 3/4
	Tile 4/4
adobe_experiment/aiml/UGT2QE1N9S.jpg
2x
Tile 800
Testing 0 QQC4HDBU4V
	Tile 1/4
	Tile 2/4
	Tile 3/4
	Tile 4/4
adobe_experiment/aiml/QQC4HDBU4V.jpg
2x
Tile 800
Testing 0 YJ3AG3MHNL
	Tile 1/4
	Tile 2/4
	Tile 3/4
	Tile 4/4
adobe_experiment/aiml/YJ3AG3MHNL.jpg
handling signal 15, exiting gracefully
